<?xml version="1.0" encoding="UTF-8"?>
<coverage generated="1720907850734" clover="3.2.0">
  <project timestamp="1720907850734" name="All files">
    <metrics statements="40" coveredstatements="19" conditionals="10" coveredconditionals="8" methods="10" coveredmethods="3" elements="60" coveredelements="30" complexity="0" loc="40" ncloc="40" packages="2" files="2" classes="2"/>
    <package name="controllers">
      <metrics statements="31" coveredstatements="12" conditionals="2" coveredconditionals="0" methods="8" coveredmethods="2"/>
      <file name="todoController.ts" path="/Users/khudadad/Projects/practice-api/todo-app/src/controllers/todoController.ts">
        <metrics statements="31" coveredstatements="12" conditionals="2" coveredconditionals="0" methods="8" coveredmethods="2"/>
        <line num="3" count="1" type="stmt"/>
        <line num="4" count="1" type="stmt"/>
        <line num="7" count="1" type="stmt"/>
        <line num="9" count="1" type="stmt"/>
        <line num="10" count="1" type="stmt"/>
        <line num="11" count="1" type="stmt"/>
        <line num="12" count="1" type="stmt"/>
        <line num="13" count="1" type="stmt"/>
        <line num="15" count="1" type="stmt"/>
        <line num="19" count="1" type="stmt"/>
        <line num="20" count="0" type="stmt"/>
        <line num="22" count="0" type="stmt"/>
        <line num="23" count="0" type="stmt"/>
        <line num="24" count="0" type="stmt"/>
        <line num="25" count="0" type="stmt"/>
        <line num="27" count="0" type="stmt"/>
        <line num="31" count="1" type="stmt"/>
        <line num="32" count="0" type="stmt"/>
        <line num="33" count="0" type="stmt"/>
        <line num="34" count="0" type="stmt"/>
        <line num="36" count="0" type="stmt"/>
        <line num="40" count="1" type="stmt"/>
        <line num="41" count="0" type="stmt"/>
        <line num="42" count="0" type="stmt"/>
        <line num="43" count="0" type="cond" truecount="0" falsecount="1"/>
        <line num="44" count="0" type="stmt"/>
        <line num="46" count="0" type="stmt"/>
        <line num="47" count="0" type="cond" truecount="0" falsecount="1"/>
        <line num="48" count="0" type="stmt"/>
        <line num="50" count="0" type="stmt"/>
        <line num="52" count="0" type="stmt"/>
      </file>
    </package>
    <package name="models">
      <metrics statements="9" coveredstatements="7" conditionals="8" coveredconditionals="8" methods="2" coveredmethods="1"/>
      <file name="ProblemDetailsError.ts" path="/Users/khudadad/Projects/practice-api/todo-app/src/models/ProblemDetailsError.ts">
        <metrics statements="9" coveredstatements="7" conditionals="8" coveredconditionals="8" methods="2" coveredmethods="1"/>
        <line num="1" count="1" type="stmt"/>
        <line num="3" count="1" type="stmt"/>
        <line num="11" count="1" type="stmt"/>
        <line num="12" count="1" type="cond" truecount="2" falsecount="0"/>
        <line num="13" count="1" type="cond" truecount="2" falsecount="0"/>
        <line num="14" count="1" type="cond" truecount="2" falsecount="0"/>
        <line num="15" count="1" type="cond" truecount="2" falsecount="0"/>
        <line num="19" count="0" type="stmt"/>
        <line num="25" count="0" type="stmt"/>
      </file>
    </package>
  </project>
</coverage>
