{"/Users/khudadad/Projects/practice-api/todo-app/src/controllers/todoController.ts": {"path":"/Users/khudadad/Projects/practice-api/todo-app/src/controllers/todoController.ts","statementMap":{"0":{"start":{"line":3,"column":0},"end":{"line":3,"column":104}},"1":{"start":{"line":4,"column":0},"end":{"line":4,"column":64}},"2":{"start":{"line":7,"column":24},"end":{"line":17,"column":null}},"3":{"start":{"line":7,"column":82},"end":{"line":17,"column":null}},"4":{"start":{"line":9,"column":15},"end":{"line":9,"column":23}},"5":{"start":{"line":10,"column":2},"end":{"line":16,"column":3}},"6":{"start":{"line":11,"column":19},"end":{"line":11,"column":26}},"7":{"start":{"line":12,"column":19},"end":{"line":12,"column":50}},"8":{"start":{"line":13,"column":4},"end":{"line":13,"column":null}},"9":{"start":{"line":15,"column":4},"end":{"line":15,"column":null}},"10":{"start":{"line":7,"column":13},"end":{"line":7,"column":24}},"11":{"start":{"line":19,"column":28},"end":{"line":29,"column":null}},"12":{"start":{"line":19,"column":85},"end":{"line":29,"column":null}},"13":{"start":{"line":20,"column":4},"end":{"line":28,"column":3}},"14":{"start":{"line":22,"column":17},"end":{"line":22,"column":25}},"15":{"start":{"line":23,"column":19},"end":{"line":23,"column":26}},"16":{"start":{"line":24,"column":19},"end":{"line":24,"column":62}},"17":{"start":{"line":25,"column":4},"end":{"line":25,"column":null}},"18":{"start":{"line":27,"column":4},"end":{"line":27,"column":null}},"19":{"start":{"line":19,"column":15},"end":{"line":19,"column":28}},"20":{"start":{"line":31,"column":26},"end":{"line":38,"column":null}},"21":{"start":{"line":31,"column":84},"end":{"line":38,"column":null}},"22":{"start":{"line":32,"column":0},"end":{"line":37,"column":1}},"23":{"start":{"line":33,"column":17},"end":{"line":33,"column":86}},"24":{"start":{"line":34,"column":2},"end":{"line":34,"column":null}},"25":{"start":{"line":36,"column":2},"end":{"line":36,"column":null}},"26":{"start":{"line":31,"column":13},"end":{"line":31,"column":26}},"27":{"start":{"line":40,"column":26},"end":{"line":54,"column":null}},"28":{"start":{"line":40,"column":84},"end":{"line":54,"column":null}},"29":{"start":{"line":41,"column":2},"end":{"line":53,"column":2}},"30":{"start":{"line":42,"column":13},"end":{"line":42,"column":43}},"31":{"start":{"line":43,"column":2},"end":{"line":45,"column":3}},"32":{"start":{"line":44,"column":4},"end":{"line":44,"column":null}},"33":{"start":{"line":46,"column":17},"end":{"line":46,"column":45}},"34":{"start":{"line":47,"column":2},"end":{"line":49,"column":3}},"35":{"start":{"line":48,"column":4},"end":{"line":48,"column":null}},"36":{"start":{"line":50,"column":2},"end":{"line":50,"column":null}},"37":{"start":{"line":52,"column":3},"end":{"line":52,"column":null}},"38":{"start":{"line":40,"column":13},"end":{"line":40,"column":26}}},"fnMap":{"0":{"name":"(anonymous_8)","decl":{"start":{"line":7,"column":24},"end":{"line":7,"column":31}},"loc":{"start":{"line":7,"column":82},"end":{"line":17,"column":null}}},"1":{"name":"(anonymous_9)","decl":{"start":{"line":7,"column":82},"end":{"line":7,"column":null}},"loc":{"start":{"line":7,"column":82},"end":{"line":17,"column":1}}},"2":{"name":"(anonymous_10)","decl":{"start":{"line":19,"column":28},"end":{"line":19,"column":35}},"loc":{"start":{"line":19,"column":85},"end":{"line":29,"column":null}}},"3":{"name":"(anonymous_11)","decl":{"start":{"line":19,"column":85},"end":{"line":19,"column":null}},"loc":{"start":{"line":19,"column":85},"end":{"line":29,"column":1}}},"4":{"name":"(anonymous_12)","decl":{"start":{"line":31,"column":26},"end":{"line":31,"column":33}},"loc":{"start":{"line":31,"column":84},"end":{"line":38,"column":null}}},"5":{"name":"(anonymous_13)","decl":{"start":{"line":31,"column":84},"end":{"line":31,"column":null}},"loc":{"start":{"line":31,"column":84},"end":{"line":38,"column":1}}},"6":{"name":"(anonymous_14)","decl":{"start":{"line":40,"column":26},"end":{"line":40,"column":33}},"loc":{"start":{"line":40,"column":84},"end":{"line":54,"column":null}}},"7":{"name":"(anonymous_15)","decl":{"start":{"line":40,"column":84},"end":{"line":40,"column":null}},"loc":{"start":{"line":40,"column":84},"end":{"line":54,"column":1}}}},"branchMap":{"0":{"loc":{"start":{"line":43,"column":2},"end":{"line":45,"column":3}},"type":"if","locations":[{"start":{"line":43,"column":2},"end":{"line":45,"column":3}}]},"1":{"loc":{"start":{"line":47,"column":2},"end":{"line":49,"column":3}},"type":"if","locations":[{"start":{"line":47,"column":2},"end":{"line":49,"column":3}}]}},"s":{"0":1,"1":1,"2":1,"3":1,"4":1,"5":1,"6":1,"7":1,"8":1,"9":1,"10":1,"11":1,"12":0,"13":0,"14":0,"15":0,"16":0,"17":0,"18":0,"19":1,"20":1,"21":0,"22":0,"23":0,"24":0,"25":0,"26":1,"27":1,"28":0,"29":0,"30":0,"31":0,"32":0,"33":0,"34":0,"35":0,"36":0,"37":0,"38":1},"f":{"0":1,"1":1,"2":0,"3":0,"4":0,"5":0,"6":0,"7":0},"b":{"0":[0],"1":[0]}}
,"/Users/khudadad/Projects/practice-api/todo-app/src/models/ProblemDetailsError.ts": {"path":"/Users/khudadad/Projects/practice-api/todo-app/src/models/ProblemDetailsError.ts","statementMap":{"0":{"start":{"line":1,"column":18},"end":{"line":1,"column":46}},"1":{"start":{"line":11,"column":4},"end":{"line":11,"column":17}},"2":{"start":{"line":12,"column":4},"end":{"line":12,"column":57}},"3":{"start":{"line":13,"column":4},"end":{"line":13,"column":41}},"4":{"start":{"line":14,"column":4},"end":{"line":14,"column":32}},"5":{"start":{"line":15,"column":4},"end":{"line":15,"column":89}},"6":{"start":{"line":19,"column":32},"end":{"line":24,"column":6}},"7":{"start":{"line":25,"column":4},"end":{"line":25,"column":26}},"8":{"start":{"line":3,"column":0},"end":{"line":3,"column":21}}},"fnMap":{"0":{"name":"(anonymous_0)","decl":{"start":{"line":10,"column":2},"end":{"line":10,"column":14}},"loc":{"start":{"line":10,"column":77},"end":{"line":16,"column":3}}},"1":{"name":"(anonymous_1)","decl":{"start":{"line":18,"column":2},"end":{"line":18,"column":8}},"loc":{"start":{"line":18,"column":8},"end":{"line":26,"column":3}}}},"branchMap":{"0":{"loc":{"start":{"line":12,"column":32},"end":{"line":12,"column":54}},"type":"binary-expr","locations":[{"start":{"line":12,"column":32},"end":{"line":12,"column":36}},{"start":{"line":12,"column":40},"end":{"line":12,"column":54}}]},"1":{"loc":{"start":{"line":13,"column":17},"end":{"line":13,"column":40}},"type":"binary-expr","locations":[{"start":{"line":13,"column":17},"end":{"line":13,"column":22}},{"start":{"line":13,"column":26},"end":{"line":13,"column":40}}]},"2":{"loc":{"start":{"line":14,"column":18},"end":{"line":14,"column":31}},"type":"binary-expr","locations":[{"start":{"line":14,"column":18},"end":{"line":14,"column":24}},{"start":{"line":14,"column":28},"end":{"line":14,"column":31}}]},"3":{"loc":{"start":{"line":15,"column":18},"end":{"line":15,"column":88}},"type":"binary-expr","locations":[{"start":{"line":15,"column":18},"end":{"line":15,"column":24}},{"start":{"line":15,"column":28},"end":{"line":15,"column":88}}]}},"s":{"0":1,"1":1,"2":1,"3":1,"4":1,"5":1,"6":0,"7":0,"8":1},"f":{"0":1,"1":0},"b":{"0":[1,1],"1":[1,1],"2":[1,1],"3":[1,1]}}
}
